2020-02-18 21:56:21,983 [      0]   INFO -        #com.intellij.idea.Main - ------------------------------------------------------ IDE STARTED ------------------------------------------------------ 
2020-02-18 21:56:22,084 [    101]   INFO -        #com.intellij.idea.Main - IDE: IntelliJ IDEA (build #IC-201.5259.13, 12 Feb 2020 23:21) 
2020-02-18 21:56:22,085 [    102]   INFO -        #com.intellij.idea.Main - OS: Linux (5.3.0-29-generic, amd64) 
2020-02-18 21:56:22,085 [    102]   INFO -        #com.intellij.idea.Main - JRE: 11.0.6+8-b722.2 (JetBrains s.r.o) 
2020-02-18 21:56:22,085 [    102]   INFO -        #com.intellij.idea.Main - JVM: 11.0.6+8-b722.2 (OpenJDK 64-Bit Server VM) 
2020-02-18 21:56:22,086 [    103]   INFO -        #com.intellij.idea.Main - JVM Args: -Xms128m -Xmx750m -XX:ReservedCodeCacheSize=240m -XX:+UseConcMarkSweepGC -XX:SoftRefLRUPolicyMSPerMB=50 -ea -XX:CICompilerCount=2 -Dsun.io.useCanonPrefixCache=false -Djdk.http.auth.tunneling.disabledSchemes="" -XX:+HeapDumpOnOutOfMemoryError -XX:-OmitStackTraceInFastThrow -Djdk.attach.allowAttachSelf=true -Dkotlinx.coroutines.debug=off -Djdk.module.illegalAccess.silent=true -XX:MaxJavaStackTraceDepth=10000 -Dawt.useSystemAAFontSettings=lcd -Dsun.java2d.renderer=sun.java2d.marlin.MarlinRenderingEngine -Dsun.tools.attach.tmp.only=true -XX:ErrorFile=/home/TSu/java_error_in_IDEA_%p.log -XX:HeapDumpPath=/home/TSu/java_error_in_IDEA.hprof -Didea.paths.selector=IdeaIC2020.1 -Djb.vmOptionsFile=/opt/idea/bin/idea64.vmoptions -Didea.platform.prefix=Idea -Didea.jre.check=true 
2020-02-18 21:56:22,086 [    103]   INFO -        #com.intellij.idea.Main - Locale=en_US JNU=UTF-8 file.encoding=UTF-8 
2020-02-18 21:56:22,198 [    215]   INFO -        #com.intellij.idea.Main - JNA library (64-bit) loaded in 209 ms 
2020-02-18 21:56:23,033 [   1050]   INFO -        #com.intellij.idea.Main - CPU cores: 8; ForkJoinPool.commonPool: java.util.concurrent.ForkJoinPool@22a23219[Running, parallelism = 7, size = 0, active = 0, running = 0, steals = 0, tasks = 0, submissions = 0]; factory: com.intellij.concurrency.IdeaForkJoinWorkerThreadFactory@4b174829 
2020-02-18 21:56:23,082 [   1099]   INFO -        #com.intellij.idea.Main - WM detected: GNOME Shell 
2020-02-18 21:56:27,881 [   5898]   INFO -                         STDERR - Feb 18, 2020 9:56:27 PM java.util.prefs.FileSystemPreferences$1 run 
2020-02-18 21:56:27,881 [   5898]   INFO -                         STDERR - INFO: Created user preferences directory. 
2020-02-18 21:56:27,883 [   5900]   INFO -                         STDERR - Feb 18, 2020 9:56:27 PM java.util.prefs.FileSystemPreferences$6 run 
2020-02-18 21:56:27,883 [   5900]   INFO -                         STDERR - WARNING: Prefs file removed in background /home/TSu/.java/.userPrefs/prefs.xml 
2020-02-18 21:56:31,009 [   9026]   INFO - llij.ide.plugins.PluginManager - Plugin org.intellij.groovy misses optional descriptor duplicates-groovy.xml 
2020-02-18 21:56:31,009 [   9026]   INFO - llij.ide.plugins.PluginManager - Plugin org.intellij.groovy misses optional descriptor duplicates-detection-groovy.xml 
2020-02-18 21:56:31,123 [   9140]   INFO - llij.ide.plugins.PluginManager - Plugin com.intellij.java misses optional descriptor profiler-java.xml 
2020-02-18 21:56:31,482 [   9499]   INFO - .intellij.util.io.HttpRequests - Application is not initialized yet; Using default SSL configuration to connect to https://plugins.jetbrains.com/plugins/list/?uuid=2faf1bbd-95fd-4622-ac3d-aad077c8a029&build=IC-201.5259.13 
2020-02-18 21:56:32,786 [  10803]   INFO - llij.ide.plugins.PluginManager - Plugin org.intellij.groovy misses optional descriptor duplicates-groovy.xml 
2020-02-18 21:56:32,786 [  10803]   INFO - llij.ide.plugins.PluginManager - Plugin org.intellij.groovy misses optional descriptor duplicates-detection-groovy.xml 
2020-02-18 21:56:32,831 [  10848]   INFO - llij.ide.plugins.PluginManager - Plugin com.intellij.java misses optional descriptor profiler-java.xml 
2020-02-18 21:56:32,855 [  10872]   INFO - llij.ide.plugins.PluginManager - Loaded bundled plugins: IDEA CORE (201.5259.13), Subversion (201.5259.13), XPathView + XSLT (201.5259.13), XSLT Debugger (201.5259.13), Smali Support (201.5259.13), Configuration Script (201.5259.13), Copyright (201.5259.13), Java (201.5259.13), Bytecode Viewer (201.5259.13), Git (201.5259.13), ChangeReminder (201.5259.13), Next File Prediction (201.5259.13), JUnit (201.5259.13), Task Management (201.5259.13), GitHub (201.5259.13), IntelliLang (201.5259.13), TestNG (201.5259.13), Code Coverage for Java (201.5259.13), Markdown (201.5259.13), Java IDE Customization (201.5259.13), Java Stream Debugger (201.5259.13), Eclipse Interoperability (201.5259.13), Java Bytecode Decompiler (201.5259.13), Gradle (201.5259.13), Properties (201.5259.13), Ant (201.5259.13), Groovy (201.5259.13), Java Internationalization (201.5259.13), UI Designer (201.5259.13), JavaFX (201.5259.13), Resource Bundle Editor (201.5259.13), Machine Learning Code Completion (201.5259.13), Mercurial (201.5259.13), EditorConfig (201.5259.13), Terminal (201.5259.13), Shell Script (201.5259.13), TextMate bundles (201.5259.13), YAML (201.5259.13), Settings Repository (201.5259.13), Jetbrains Repository Search (201.5259.13), Maven (201.5259.13), Gradle-Java (201.5259.13), Plugin DevKit (201.5259.13), Kotlin (1.3.70-eap-184-IJ2019.3-1), Android (10.3.6 RC 1), Gradle-Maven (201.5259.13) 
2020-02-18 21:56:33,663 [  11680]   INFO - llij.ide.plugins.PluginManager - Plugin org.intellij.groovy misses optional descriptor duplicates-groovy.xml 
2020-02-18 21:56:33,663 [  11680]   INFO - llij.ide.plugins.PluginManager - Plugin org.intellij.groovy misses optional descriptor duplicates-detection-groovy.xml 
2020-02-18 21:56:33,688 [  11705]   INFO - llij.ide.plugins.PluginManager - Plugin com.intellij.java misses optional descriptor profiler-java.xml 
2020-02-18 21:56:33,701 [  11718]   INFO - llij.ide.plugins.PluginManager - Loaded bundled plugins: IDEA CORE (201.5259.13), Subversion (201.5259.13), XPathView + XSLT (201.5259.13), XSLT Debugger (201.5259.13), Smali Support (201.5259.13), Configuration Script (201.5259.13), Copyright (201.5259.13), Java (201.5259.13), Bytecode Viewer (201.5259.13), Git (201.5259.13), ChangeReminder (201.5259.13), Next File Prediction (201.5259.13), JUnit (201.5259.13), Task Management (201.5259.13), GitHub (201.5259.13), IntelliLang (201.5259.13), TestNG (201.5259.13), Code Coverage for Java (201.5259.13), Markdown (201.5259.13), Java IDE Customization (201.5259.13), Java Stream Debugger (201.5259.13), Eclipse Interoperability (201.5259.13), Java Bytecode Decompiler (201.5259.13), Gradle (201.5259.13), Properties (201.5259.13), Ant (201.5259.13), Groovy (201.5259.13), Java Internationalization (201.5259.13), UI Designer (201.5259.13), JavaFX (201.5259.13), Resource Bundle Editor (201.5259.13), Machine Learning Code Completion (201.5259.13), Mercurial (201.5259.13), EditorConfig (201.5259.13), Terminal (201.5259.13), Shell Script (201.5259.13), TextMate bundles (201.5259.13), YAML (201.5259.13), Settings Repository (201.5259.13), Jetbrains Repository Search (201.5259.13), Maven (201.5259.13), Gradle-Java (201.5259.13), Plugin DevKit (201.5259.13), Kotlin (1.3.70-eap-184-IJ2019.3-1), Android (10.3.6 RC 1), Gradle-Maven (201.5259.13) 
2020-02-18 21:56:34,092 [  12109]   INFO - til.net.ssl.CertificateManager - Default SSL context initialized 
2020-02-18 21:56:34,097 [  12114]   INFO - ellij.util.io.PagedFileStorage - lower=100; upper=500; buffer=10; max=705 
2020-02-18 21:56:34,120 [  12137]   INFO - tellij.util.io.FileChannelUtil - un-interruptible FileChannel-s will be used for indexes 
2020-02-18 21:56:34,147 [  12164]   INFO - rnal.statistic.DeviceIdManager - Generating new Device ID 
2020-02-18 21:56:34,161 [  12178]   INFO - fs.newvfs.persistent.FSRecords - Marking VFS as corrupted: '/home/TSu/.cache/JetBrains/IdeaIC2020.1/caches/names.dat' does not exist 
2020-02-18 21:56:34,161 [  12178]   INFO - eventLog.EventLogConfiguration - Generating salt for the device 
2020-02-18 21:56:34,178 [  12195]   INFO - .history.utils.LocalHistoryLog - local history version mismatch (was: 0, expected: 6), rebuilding... 
2020-02-18 21:56:34,179 [  12196]   INFO - .history.utils.LocalHistoryLog - FS has been rebuild, rebuilding local history... 
2020-02-18 21:56:34,281 [  12298]   INFO - gs.impl.UpdateCheckerComponent - channel: release 
2020-02-18 21:56:34,281 [  12298]   INFO - gs.impl.UpdateCheckerComponent - channel forced to 'eap' 
2020-02-18 21:56:34,294 [  12311]   INFO - com.intellij.ide.ui.UISettings - Loaded: fontSize=13, fontScale=1.0; restored: fontSize=13, fontScale=1.0 
2020-02-18 21:56:34,302 [  12319]   INFO - rains.ide.BuiltInServerManager - built-in server started, port 63342 
2020-02-18 21:56:34,386 [  12403]   INFO - stubs.SerializationManagerImpl - Name storage is repaired 
2020-02-18 21:56:34,401 [  12418]   INFO - pl.local.NativeFileWatcherImpl - Starting file watcher: /opt/idea/bin/fsnotifier64 
2020-02-18 21:56:34,413 [  12430]   INFO - il.indexing.FileBasedIndexImpl - index version changed for 'FrameworkDetectionIndex'; old = -1, new = 0 
2020-02-18 21:56:34,416 [  12433]   INFO - pl.local.NativeFileWatcherImpl - Native file watcher is operational. 
2020-02-18 21:56:34,434 [  12451]   INFO - il.indexing.FileBasedIndexImpl - index version changed for 'TodoIndex'; old = -1, new = 4107 
2020-02-18 21:56:34,448 [  12465]   INFO - il.indexing.FileBasedIndexImpl - index version changed for 'IdIndex'; old = -1, new = 4112 
2020-02-18 21:56:34,454 [  12471]   INFO - il.indexing.FileBasedIndexImpl - index version changed for 'FilenameIndex'; old = -1, new = 3 
2020-02-18 21:56:34,456 [  12473]   INFO - il.indexing.FileBasedIndexImpl - index version changed for 'filetypes'; old = -1, new = 2 
2020-02-18 21:56:34,460 [  12477]   INFO - il.indexing.FileBasedIndexImpl - index version changed for 'Stubs'; old = -1, new = 46 
2020-02-18 21:56:34,584 [  12601]   INFO - il.indexing.FileBasedIndexImpl - index version changed for 'Trigram.Index'; old = -1, new = 4099 
2020-02-18 21:56:34,587 [  12604]   INFO - il.indexing.FileBasedIndexImpl - index version changed for 'fileIncludes'; old = -1, new = 6 
2020-02-18 21:56:34,640 [  12657]   INFO - il.indexing.FileBasedIndexImpl - index version changed for 'DomFileIndex'; old = -1, new = -1189920956 
2020-02-18 21:56:34,642 [  12659]   INFO - il.indexing.FileBasedIndexImpl - index version changed for 'RelaxSymbolIndex'; old = -1, new = 0 
2020-02-18 21:56:34,645 [  12662]   INFO - il.indexing.FileBasedIndexImpl - index version changed for 'XmlTagNames'; old = -1, new = 1 
2020-02-18 21:56:34,647 [  12664]   INFO - il.indexing.FileBasedIndexImpl - index version changed for 'XmlNamespaces'; old = -1, new = 7 
2020-02-18 21:56:34,649 [  12666]   INFO - il.indexing.FileBasedIndexImpl - index version changed for 'html5.custom.attributes.index'; old = -1, new = 1 
2020-02-18 21:56:34,651 [  12668]   INFO - il.indexing.FileBasedIndexImpl - index version changed for 'SchemaTypeInheritance'; old = -1, new = 2 
2020-02-18 21:56:34,654 [  12671]   INFO - il.indexing.FileBasedIndexImpl - index version changed for 'json.file.root.values'; old = -1, new = 5 
2020-02-18 21:56:34,656 [  12673]   INFO - il.indexing.FileBasedIndexImpl - index version changed for 'ImageFileInfoIndex'; old = -1, new = 8 
2020-02-18 21:56:34,659 [  12676]   INFO - il.indexing.FileBasedIndexImpl - index version changed for 'XsltSymbolIndex'; old = -1, new = 0 
2020-02-18 21:56:34,661 [  12678]   INFO - il.indexing.FileBasedIndexImpl - index version changed for 'bytecodeAnalysis'; old = -1, new = 4107 
2020-02-18 21:56:34,665 [  12682]   INFO - il.indexing.FileBasedIndexImpl - index version changed for 'java.auto.module.name'; old = -1, new = 5 
2020-02-18 21:56:34,667 [  12684]   INFO - il.indexing.FileBasedIndexImpl - index version changed for 'java.source.module.name'; old = -1, new = 2 
2020-02-18 21:56:34,668 [  12685]   INFO - il.indexing.FileBasedIndexImpl - index version changed for 'java.null.method.argument'; old = -1, new = 4097 
2020-02-18 21:56:34,671 [  12688]   INFO - il.indexing.FileBasedIndexImpl - index version changed for 'java.simple.property'; old = -1, new = 3 
2020-02-18 21:56:34,673 [  12690]   INFO - il.indexing.FileBasedIndexImpl - index version changed for 'java.fun.expression'; old = -1, new = 4100 
2020-02-18 21:56:34,676 [  12693]   INFO - il.indexing.FileBasedIndexImpl - index version changed for 'java.binary.plus.expression'; old = -1, new = 4099 
2020-02-18 21:56:34,680 [  12697]   INFO - il.indexing.FileBasedIndexImpl - index version changed for 'RefQueueIndex'; old = -1, new = 0 
2020-02-18 21:56:34,682 [  12699]   INFO - il.indexing.FileBasedIndexImpl - index version changed for 'xmlProperties'; old = -1, new = 2 
2020-02-18 21:56:34,684 [  12701]   INFO - il.indexing.FileBasedIndexImpl - index version changed for 'ant-imports'; old = -1, new = 5 
2020-02-18 21:56:34,686 [  12703]   INFO - il.indexing.FileBasedIndexImpl - index version changed for 'groovy.trait.fields'; old = -1, new = 5 
2020-02-18 21:56:34,687 [  12704]   INFO - il.indexing.FileBasedIndexImpl - index version changed for 'groovy.trait.methods'; old = -1, new = 25 
2020-02-18 21:56:34,688 [  12705]   INFO - il.indexing.FileBasedIndexImpl - index version changed for 'com.intellij.uiDesigner.FormClassIndex'; old = -1, new = 0 
2020-02-18 21:56:34,690 [  12707]   INFO - il.indexing.FileBasedIndexImpl - index version changed for 'JavaFxControllerClassIndex'; old = -1, new = 1 
2020-02-18 21:56:34,691 [  12708]   INFO - il.indexing.FileBasedIndexImpl - index version changed for 'javafx.id.name'; old = -1, new = 2 
2020-02-18 21:56:34,693 [  12710]   INFO - il.indexing.FileBasedIndexImpl - index version changed for 'javafx.custom.component'; old = -1, new = 1 
2020-02-18 21:56:34,695 [  12712]   INFO - il.indexing.FileBasedIndexImpl - index version changed for 'editorconfig.index.name'; old = -1, new = 5 
2020-02-18 21:56:34,697 [  12714]   INFO - il.indexing.FileBasedIndexImpl - index version changed for 'yaml.keys.name'; old = -1, new = 1 
2020-02-18 21:56:34,701 [  12718]   INFO - il.indexing.FileBasedIndexImpl - index version changed for 'IdeaPluginRegistrationIndex'; old = -1, new = 3 
2020-02-18 21:56:34,703 [  12720]   INFO - il.indexing.FileBasedIndexImpl - index version changed for 'PluginIdModuleIndex'; old = -1, new = 1 
2020-02-18 21:56:34,705 [  12722]   INFO - il.indexing.FileBasedIndexImpl - index version changed for 'PluginIdDependenciesIndex'; old = -1, new = 1 
2020-02-18 21:56:34,707 [  12724]   INFO - il.indexing.FileBasedIndexImpl - index version changed for 'devkit.ExtensionPointIndex'; old = -1, new = 0 
2020-02-18 21:56:34,708 [  12725]   INFO - il.indexing.FileBasedIndexImpl - index version changed for 'org.jetbrains.kotlin.idea.versions.KotlinJvmMetadataVersionIndex'; old = -1, new = 5 
2020-02-18 21:56:34,712 [  12729]   INFO - il.indexing.FileBasedIndexImpl - index version changed for 'org.jetbrains.kotlin.idea.versions.KotlinJsMetadataVersionIndex'; old = -1, new = 3 
2020-02-18 21:56:34,714 [  12731]   INFO - il.indexing.FileBasedIndexImpl - index version changed for 'org.jetbrains.kotlin.idea.vfilefinder.KotlinClassFileIndex'; old = -1, new = 3 
2020-02-18 21:56:34,716 [  12733]   INFO - il.indexing.FileBasedIndexImpl - index version changed for 'org.jetbrains.kotlin.idea.vfilefinder.KotlinJavaScriptMetaFileIndex'; old = -1, new = 4 
2020-02-18 21:56:34,718 [  12735]   INFO - il.indexing.FileBasedIndexImpl - index version changed for 'org.jetbrains.kotlin.idea.vfilefinder.KotlinMetadataFileIndex'; old = -1, new = 1 
2020-02-18 21:56:34,720 [  12737]   INFO - il.indexing.FileBasedIndexImpl - index version changed for 'org.jetbrains.kotlin.idea.vfilefinder.KotlinMetadataFilePackageIndex'; old = -1, new = 1 
2020-02-18 21:56:34,722 [  12739]   INFO - il.indexing.FileBasedIndexImpl - index version changed for 'org.jetbrains.kotlin.idea.vfilefinder.KotlinModuleMappingIndex'; old = -1, new = 5 
2020-02-18 21:56:34,724 [  12741]   INFO - il.indexing.FileBasedIndexImpl - index version changed for 'org.jetbrains.kotlin.idea.vfilefinder.KotlinPackageSourcesMemberNamesIndex'; old = -1, new = 2 
2020-02-18 21:56:34,727 [  12744]   INFO - il.indexing.FileBasedIndexImpl - index version changed for 'org.jetbrains.kotlin.idea.vfilefinder.KotlinJvmModuleAnnotationsIndex'; old = -1, new = 1 
2020-02-18 21:56:34,729 [  12746]   INFO - il.indexing.FileBasedIndexImpl - index version changed for 'org.jetbrains.kotlin.ide.konan.index.KotlinNativeMetaFileIndex'; old = -1, new = 4 
2020-02-18 21:56:34,731 [  12748]   INFO - il.indexing.FileBasedIndexImpl - index version changed for 'BindingXmlIndex'; old = -1, new = 7 
2020-02-18 21:56:34,734 [  12751]   INFO - il.indexing.FileBasedIndexImpl - Indices to be rebuilt after corruption:FrameworkDetectionIndex,TodoIndex,IdIndex,FilenameIndex,filetypes,Stubs,Trigram.Index,fileIncludes,DomFileIndex,RelaxSymbolIndex,XmlTagNames,XmlNamespaces,html5.custom.attributes.index,SchemaTypeInheritance,json.file.root.values,ImageFileInfoIndex,XsltSymbolIndex,bytecodeAnalysis,java.auto.module.name,java.source.module.name,java.null.method.argument,java.simple.property,java.fun.expression,java.binary.plus.expression,RefQueueIndex,xmlProperties,ant-imports,groovy.trait.fields,groovy.trait.methods,com.intellij.uiDesigner.FormClassIndex,JavaFxControllerClassIndex,javafx.id.name,javafx.custom.component,editorconfig.index.name,yaml.keys.name,IdeaPluginRegistrationIndex,PluginIdModuleIndex,PluginIdDependenciesIndex,devkit.ExtensionPointIndex,org.jetbrains.kotlin.idea.versions.KotlinJvmMetadataVersionIndex,org.jetbrains.kotlin.idea.versions.KotlinJsMetadataVersionIndex,org.jetbrains.kotlin.idea.vfilefinder.KotlinClassFileIndex,org.jetbrains.kotlin.idea.vfilefinder.KotlinJavaScriptMetaFileIndex,org.jetbrains.kotlin.idea.vfilefinder.KotlinMetadataFileIndex,org.jetbrains.kotlin.idea.vfilefinder.KotlinMetadataFilePackageIndex,org.jetbrains.kotlin.idea.vfilefinder.KotlinModuleMappingIndex,org.jetbrains.kotlin.idea.vfilefinder.KotlinPackageSourcesMemberNamesIndex,org.jetbrains.kotlin.idea.vfilefinder.KotlinJvmModuleAnnotationsIndex,org.jetbrains.kotlin.ide.konan.index.KotlinNativeMetaFileIndex,BindingXmlIndex 
2020-02-18 21:56:34,737 [  12754]   INFO - leBasedIndexDataInitialization - Initialization done: 498 
2020-02-18 21:56:34,768 [  12785]   INFO - il.indexing.FileBasedIndexImpl - index version changed for 'dom.namespaceKey'; old = -1, new = 1 
2020-02-18 21:56:34,770 [  12787]   INFO - il.indexing.FileBasedIndexImpl - index version changed for 'dom.elementClass'; old = -1, new = 0 
2020-02-18 21:56:34,771 [  12788]   INFO - il.indexing.FileBasedIndexImpl - index version changed for 'java.module.name'; old = -1, new = 4 
2020-02-18 21:56:34,773 [  12790]   INFO - il.indexing.FileBasedIndexImpl - index version changed for 'java.method.parameter.types'; old = -1, new = 3 
2020-02-18 21:56:34,773 [  12790]   INFO - il.indexing.FileBasedIndexImpl - index version changed for 'java.class.extlist'; old = -1, new = 3 
2020-02-18 21:56:34,774 [  12791]   INFO - il.indexing.FileBasedIndexImpl - index version changed for 'java.class.shortname'; old = -1, new = 4 
2020-02-18 21:56:34,775 [  12792]   INFO - il.indexing.FileBasedIndexImpl - index version changed for 'jvm.static.member.type'; old = -1, new = 2 
2020-02-18 21:56:34,776 [  12793]   INFO - il.indexing.FileBasedIndexImpl - index version changed for 'jvm.static.member.name'; old = -1, new = 2 
2020-02-18 21:56:34,777 [  12794]   INFO - il.indexing.FileBasedIndexImpl - index version changed for 'java.method.name'; old = -1, new = 2 
2020-02-18 21:56:34,778 [  12795]   INFO - il.indexing.FileBasedIndexImpl - index version changed for 'java.class.fqn'; old = -1, new = 1 
2020-02-18 21:56:34,779 [  12796]   INFO - il.indexing.FileBasedIndexImpl - index version changed for 'java.field.name'; old = -1, new = 2 
2020-02-18 21:56:34,780 [  12797]   INFO - il.indexing.FileBasedIndexImpl - index version changed for 'java.anonymous.baseref'; old = -1, new = 2 
2020-02-18 21:56:34,781 [  12798]   INFO - il.indexing.FileBasedIndexImpl - index version changed for 'java.annotations'; old = -1, new = 2 
2020-02-18 21:56:34,782 [  12799]   INFO - il.indexing.FileBasedIndexImpl - index version changed for 'markdown.header'; old = -1, new = 2 
2020-02-18 21:56:34,783 [  12800]   INFO - il.indexing.FileBasedIndexImpl - index version changed for 'properties.index'; old = -1, new = 2 
2020-02-18 21:56:34,784 [  12801]   INFO - il.indexing.FileBasedIndexImpl - index version changed for 'gr.class.fqn'; old = -1, new = 1 
2020-02-18 21:56:34,785 [  12802]   INFO - il.indexing.FileBasedIndexImpl - index version changed for 'gr.script.fqn'; old = -1, new = 2 
2020-02-18 21:56:34,786 [  12803]   INFO - il.indexing.FileBasedIndexImpl - index version changed for 'gr.field.name'; old = -1, new = 2 
2020-02-18 21:56:34,787 [  12804]   INFO - il.indexing.FileBasedIndexImpl - index version changed for 'gr.method.name'; old = -1, new = 2 
2020-02-18 21:56:34,788 [  12805]   INFO - il.indexing.FileBasedIndexImpl - index version changed for 'gr.annot.method.name'; old = -1, new = 2 
2020-02-18 21:56:34,789 [  12806]   INFO - il.indexing.FileBasedIndexImpl - index version changed for 'gr.annot.members'; old = -1, new = 2 
2020-02-18 21:56:34,789 [  12806]   INFO - il.indexing.FileBasedIndexImpl - index version changed for 'gr.script.class'; old = -1, new = 2 
2020-02-18 21:56:34,790 [  12807]   INFO - il.indexing.FileBasedIndexImpl - index version changed for 'gr.class.super'; old = -1, new = 2 
2020-02-18 21:56:34,791 [  12808]   INFO - il.indexing.FileBasedIndexImpl - index version changed for 'gr.anonymous.class'; old = -1, new = 3 
2020-02-18 21:56:34,792 [  12809]   INFO - il.indexing.FileBasedIndexImpl - index version changed for 'org.jetbrains.kotlin.idea.stubindex.KotlinExactPackagesIndex'; old = -1, new = 2 
2020-02-18 21:56:34,793 [  12810]   INFO - il.indexing.FileBasedIndexImpl - index version changed for 'org.jetbrains.kotlin.idea.stubindex.KotlinTopLevelClassByPackageIndex'; old = -1, new = 2 
2020-02-18 21:56:34,794 [  12811]   INFO - il.indexing.FileBasedIndexImpl - index version changed for 'org.jetbrains.kotlin.idea.stubindex.KotlinTopLevelFunctionByPackageIndex'; old = -1, new = 2 
2020-02-18 21:56:34,795 [  12812]   INFO - il.indexing.FileBasedIndexImpl - index version changed for 'org.jetbrains.kotlin.idea.stubindex.KotlinTopLevelPropertyByPackageIndex'; old = -1, new = 2 
2020-02-18 21:56:34,796 [  12813]   INFO - il.indexing.FileBasedIndexImpl - index version changed for 'org.jetbrains.kotlin.idea.stubindex.KotlinTopLevelTypeAliasByPackageIndex'; old = -1, new = 2 
2020-02-18 21:56:34,797 [  12814]   INFO - il.indexing.FileBasedIndexImpl - index version changed for 'org.jetbrains.kotlin.idea.stubindex.KotlinClassShortNameIndex'; old = -1, new = 2 
2020-02-18 21:56:34,798 [  12815]   INFO - il.indexing.FileBasedIndexImpl - index version changed for 'org.jetbrains.kotlin.idea.stubindex.KotlinFullClassNameIndex'; old = -1, new = 2 
2020-02-18 21:56:34,799 [  12816]   INFO - il.indexing.FileBasedIndexImpl - index version changed for 'org.jetbrains.kotlin.idea.stubindex.KotlinPropertyShortNameIndex'; old = -1, new = 2 
2020-02-18 21:56:34,799 [  12816]   INFO - il.indexing.FileBasedIndexImpl - index version changed for 'org.jetbrains.kotlin.idea.stubindex.KotlinFunctionShortNameIndex'; old = -1, new = 2 
2020-02-18 21:56:34,800 [  12817]   INFO - il.indexing.FileBasedIndexImpl - index version changed for 'org.jetbrains.kotlin.idea.stubindex.KotlinTypeAliasShortNameIndex'; old = -1, new = 2 
2020-02-18 21:56:34,801 [  12818]   INFO - il.indexing.FileBasedIndexImpl - index version changed for 'org.jetbrains.kotlin.idea.stubindex.KotlinSuperClassIndex'; old = -1, new = 2 
2020-02-18 21:56:34,802 [  12819]   INFO - il.indexing.FileBasedIndexImpl - index version changed for 'org.jetbrains.kotlin.idea.stubindex.KotlinTopLevelFunctionFqnNameIndex'; old = -1, new = 2 
2020-02-18 21:56:34,803 [  12820]   INFO - il.indexing.FileBasedIndexImpl - index version changed for 'org.jetbrains.kotlin.idea.stubindex.KotlinTopLevelPropertyFqnNameIndex'; old = -1, new = 2 
2020-02-18 21:56:34,804 [  12821]   INFO - il.indexing.FileBasedIndexImpl - index version changed for 'org.jetbrains.kotlin.idea.stubindex.KotlinTopLevelTypeAliasFqNameIndex'; old = -1, new = 2 
2020-02-18 21:56:34,805 [  12822]   INFO - il.indexing.FileBasedIndexImpl - index version changed for 'org.jetbrains.kotlin.idea.stubindex.KotlinTopLevelExtensionsByReceiverTypeIndex'; old = -1, new = 2 
2020-02-18 21:56:34,806 [  12823]   INFO - il.indexing.FileBasedIndexImpl - index version changed for 'org.jetbrains.kotlin.idea.stubindex.KotlinAnnotationsIndex'; old = -1, new = 3 
2020-02-18 21:56:34,807 [  12824]   INFO - il.indexing.FileBasedIndexImpl - index version changed for 'org.jetbrains.kotlin.idea.stubindex.KotlinProbablyNothingFunctionShortNameIndex'; old = -1, new = 2 
2020-02-18 21:56:34,808 [  12825]   INFO - il.indexing.FileBasedIndexImpl - index version changed for 'org.jetbrains.kotlin.idea.stubindex.KotlinProbablyNothingPropertyShortNameIndex'; old = -1, new = 2 
2020-02-18 21:56:34,809 [  12826]   INFO - il.indexing.FileBasedIndexImpl - index version changed for 'org.jetbrains.kotlin.idea.stubindex.KotlinProbablyContractedFunctionShortNameIndex'; old = -1, new = 2 
2020-02-18 21:56:34,810 [  12827]   INFO - il.indexing.FileBasedIndexImpl - index version changed for 'org.jetbrains.kotlin.idea.stubindex.KotlinFileFacadeFqNameIndex'; old = -1, new = 2 
2020-02-18 21:56:34,811 [  12828]   INFO - il.indexing.FileBasedIndexImpl - index version changed for 'org.jetbrains.kotlin.idea.stubindex.KotlinFilePartClassIndex'; old = -1, new = 2 
2020-02-18 21:56:34,812 [  12829]   INFO - il.indexing.FileBasedIndexImpl - index version changed for 'org.jetbrains.kotlin.idea.stubindex.KotlinFileFacadeClassByPackageIndex'; old = -1, new = 2 
2020-02-18 21:56:34,813 [  12830]   INFO - il.indexing.FileBasedIndexImpl - index version changed for 'org.jetbrains.kotlin.idea.stubindex.KotlinFileFacadeShortNameIndex'; old = -1, new = 2 
2020-02-18 21:56:34,814 [  12831]   INFO - il.indexing.FileBasedIndexImpl - index version changed for 'org.jetbrains.kotlin.idea.stubindex.KotlinMultifileClassPartIndex'; old = -1, new = 2 
2020-02-18 21:56:34,815 [  12832]   INFO - il.indexing.FileBasedIndexImpl - index version changed for 'org.jetbrains.kotlin.idea.stubindex.KotlinScriptFqnIndex'; old = -1, new = 2 
2020-02-18 21:56:34,816 [  12833]   INFO - il.indexing.FileBasedIndexImpl - index version changed for 'org.jetbrains.kotlin.idea.stubindex.KotlinTypeAliasByExpansionShortNameIndex'; old = -1, new = 2 
2020-02-18 21:56:34,817 [  12834]   INFO - il.indexing.FileBasedIndexImpl - index version changed for 'org.jetbrains.kotlin.idea.stubindex.KotlinOverridableInternalMembersShortNameIndex'; old = -1, new = 2 
2020-02-18 21:56:34,818 [  12835]   INFO - tellij.psi.stubs.StubIndexImpl - Following stub indices will be built:dom.namespaceKey,dom.elementClass,java.annotations,java.class.extlist,java.field.name,java.method.name,jvm.static.member.name,jvm.static.member.type,java.anonymous.baseref,java.method.parameter.types,java.class.shortname,java.class.fqn,java.module.name,markdown.header,properties.index,gr.class.fqn,gr.script.fqn,gr.field.name,gr.method.name,gr.annot.method.name,gr.annot.members,gr.script.class,gr.class.super,gr.anonymous.class,org.jetbrains.kotlin.idea.stubindex.KotlinExactPackagesIndex,org.jetbrains.kotlin.idea.stubindex.KotlinTopLevelClassByPackageIndex,org.jetbrains.kotlin.idea.stubindex.KotlinTopLevelFunctionByPackageIndex,org.jetbrains.kotlin.idea.stubindex.KotlinTopLevelPropertyByPackageIndex,org.jetbrains.kotlin.idea.stubindex.KotlinTopLevelTypeAliasByPackageIndex,org.jetbrains.kotlin.idea.stubindex.KotlinClassShortNameIndex,org.jetbrains.kotlin.idea.stubindex.KotlinFullClassNameIndex,org.jetbrains.kotlin.idea.stubindex.KotlinPropertyShortNameIndex,org.jetbrains.kotlin.idea.stubindex.KotlinFunctionShortNameIndex,org.jetbrains.kotlin.idea.stubindex.KotlinTypeAliasShortNameIndex,org.jetbrains.kotlin.idea.stubindex.KotlinSuperClassIndex,org.jetbrains.kotlin.idea.stubindex.KotlinTopLevelFunctionFqnNameIndex,org.jetbrains.kotlin.idea.stubindex.KotlinTopLevelPropertyFqnNameIndex,org.jetbrains.kotlin.idea.stubindex.KotlinTopLevelTypeAliasFqNameIndex,org.jetbrains.kotlin.idea.stubindex.KotlinTopLevelExtensionsByReceiverTypeIndex,org.jetbrains.kotlin.idea.stubindex.KotlinAnnotationsIndex,org.jetbrains.kotlin.idea.stubindex.KotlinProbablyNothingFunctionShortNameIndex,org.jetbrains.kotlin.idea.stubindex.KotlinProbablyNothingPropertyShortNameIndex,org.jetbrains.kotlin.idea.stubindex.KotlinProbablyContractedFunctionShortNameIndex,org.jetbrains.kotlin.idea.stubindex.KotlinFileFacadeFqNameIndex,org.jetbrains.kotlin.idea.stubindex.KotlinFilePartClassIndex,org.jetbrains.kotlin.idea.stubindex.KotlinFileFacadeClassByPackageIndex,org.jetbrains.kotlin.idea.stubindex.KotlinFileFacadeShortNameIndex,org.jetbrains.kotlin.idea.stubindex.KotlinMultifileClassPartIndex,org.jetbrains.kotlin.idea.stubindex.KotlinScriptFqnIndex,org.jetbrains.kotlin.idea.stubindex.KotlinTypeAliasByExpansionShortNameIndex,org.jetbrains.kotlin.idea.stubindex.KotlinOverridableInternalMembersShortNameIndex 
2020-02-18 21:56:34,818 [  12835]   INFO - exImpl$StubIndexInitialization - Initialization done: 80 
2020-02-18 21:56:35,002 [  13019]   WARN - r.PlatformComponentManagerImpl - Do not use constructor injection (requestorClass=com.android.tools.idea.sdk.AndroidSdks) 
2020-02-18 21:56:35,090 [  13107]   INFO - dea.updater.SdkComponentSource - Downloading https://dl.google.com/android/repository/addons_list-3.xml 
2020-02-18 21:56:35,213 [  13230]   INFO - penapi.application.Experiments - Experimental features enabled for user: wsl.p9.support, wsl.p9.show.roots.in.file.chooser, inline.browse.button, linux.native.menu, recent.and.edited.files.together, show.create.new.element.in.popup, copy.reference.popup, new.large.text.file.viewer, property.value.inplace.editing 
2020-02-18 21:56:35,214 [  13231]   INFO - penapi.wm.impl.GlobalMenuLinux - disable global-menu integration because some of shared libraries isn't installed: java.lang.UnsatisfiedLinkError: /opt/idea/bin/libdbm64.so: libdbusmenu-glib.so.4: cannot open shared object file: No such file or directory 
2020-02-18 21:56:35,615 [  13632]   INFO - dea.updater.SdkComponentSource - File /home/TSu/.android/repositories.cfg could not be loaded. 
2020-02-18 21:56:35,617 [  13634]   INFO - dea.updater.SdkComponentSource - Downloading https://dl.google.com/android/repository/sys-img/android/sys-img2-1.xml 
2020-02-18 21:56:35,617 [  13634]   INFO - dea.updater.SdkComponentSource - Downloading https://dl.google.com/android/repository/sys-img/android-automotive/sys-img2-1.xml 
2020-02-18 21:56:35,617 [  13634]   INFO - dea.updater.SdkComponentSource - Downloading https://dl.google.com/android/repository/sys-img/android-wear/sys-img2-1.xml 
2020-02-18 21:56:35,618 [  13635]   INFO - dea.updater.SdkComponentSource - Downloading https://dl.google.com/android/repository/sys-img/android-tv/sys-img2-1.xml 
2020-02-18 21:56:35,618 [  13635]   INFO - dea.updater.SdkComponentSource - Downloading https://dl.google.com/android/repository/sys-img/android-wear-cn/sys-img2-1.xml 
2020-02-18 21:56:35,618 [  13635]   INFO - dea.updater.SdkComponentSource - Downloading https://dl.google.com/android/repository/sys-img/google_apis/sys-img2-1.xml 
2020-02-18 21:56:35,618 [  13635]   INFO - dea.updater.SdkComponentSource - Downloading https://dl.google.com/android/repository/sys-img/google_apis_playstore/sys-img2-1.xml 
2020-02-18 21:56:35,619 [  13636]   INFO - dea.updater.SdkComponentSource - Downloading https://dl.google.com/android/repository/addon2-1.xml 
2020-02-18 21:56:35,619 [  13636]   INFO - dea.updater.SdkComponentSource - Downloading https://dl.google.com/android/repository/glass/addon2-1.xml 
2020-02-18 21:56:35,619 [  13636]   INFO - dea.updater.SdkComponentSource - Downloading https://dl.google.com/android/repository/extras/intel/addon2-1.xml 
2020-02-18 21:56:35,620 [  13637]   INFO - dea.updater.SdkComponentSource - Downloading https://dl.google.com/android/repository/repository2-1.xml 
2020-02-18 21:56:35,754 [  13771]   INFO -   #com.intellij.util.Restarter - not supported: cannot find neither 'python' nor 'python3' in 'PATH' 
2020-02-18 21:56:39,801 [  17818]   INFO - tellij.ide.SystemHealthMonitor - restored ignored PIPE handler 
2020-02-18 21:56:40,096 [  18113]   INFO - iment.WebServiceStatusProvider - Completion stats experiment: version=2, enabled=false 
2020-02-18 21:56:40,262 [  18279]   WARN - s.ui.configuration.SdkDetector - No version is returned for detected SDK IDEA JDK at /opt/idea 
2020-02-18 21:57:10,105 [  48122]   INFO - BridgeProjectLifecycleListener - Using legacy project model to open project 
2020-02-18 21:57:10,220 [  48237]   INFO - rojectCodeStyleSettingsManager - Initialized from default code style settings. 
2020-02-18 21:57:10,419 [  48436]   WARN - r.PlatformComponentManagerImpl - Do not use constructor injection (requestorClass=com.android.tools.adtui.workbench.DetachedToolWindowManager) 
2020-02-18 21:57:10,450 [  48467]   WARN - r.PlatformComponentManagerImpl - Do not use constructor injection (requestorClass=com.android.tools.idea.uibuilder.visual.VisualizationManager) 
2020-02-18 21:57:10,994 [  49011]   INFO - j.ide.script.IdeStartupScripts - 0 startup script(s) found 
2020-02-18 21:57:11,272 [  49289]   INFO - ge.ExternalProjectsDataStorage - Load external projects data in 6 millis (read time: 1) 
2020-02-18 21:57:11,311 [  49328]   INFO - lij.openapi.util.io.FileUtilRt - stale_outputs_checked (Permission denied) 
java.io.FileNotFoundException: stale_outputs_checked (Permission denied)
	at java.base/java.io.FileOutputStream.open0(Native Method)
	at java.base/java.io.FileOutputStream.open(FileOutputStream.java:298)
	at java.base/java.io.FileOutputStream.<init>(FileOutputStream.java:237)
	at java.base/java.io.FileOutputStream.<init>(FileOutputStream.java:187)
	at com.intellij.openapi.util.io.FileUtilRt.createIfNotExists(FileUtilRt.java:981)
	at com.intellij.openapi.util.io.FileUtil.createIfDoesntExist(FileUtil.java:382)
	at com.intellij.compiler.impl.CleanStaleModuleOutputsActivity$runActivity$1.invoke(CleanStaleModuleOutputsActivity.kt:37)
	at com.intellij.compiler.impl.CleanStaleModuleOutputsActivity.runActivity(CleanStaleModuleOutputsActivity.kt:42)
	at com.intellij.ide.startup.impl.StartupManagerImpl.runActivity(StartupManagerImpl.java:280)
	at com.intellij.ide.startup.impl.StartupManagerImpl.lambda$runPostStartupActivities$4(StartupManagerImpl.java:214)
	at com.intellij.openapi.extensions.impl.ExtensionPointImpl.processWithPluginDescriptor(ExtensionPointImpl.java:281)
	at com.intellij.openapi.extensions.ExtensionPointName.processWithPluginDescriptor(ExtensionPointName.java:155)
	at com.intellij.ide.startup.impl.StartupManagerImpl.runPostStartupActivities(StartupManagerImpl.java:208)
	at com.intellij.ide.startup.impl.StartupManagerImpl.lambda$null$0(StartupManagerImpl.java:147)
	at com.intellij.openapi.progress.impl.CoreProgressManager.lambda$runProcess$2(CoreProgressManager.java:165)
	at com.intellij.openapi.progress.impl.CoreProgressManager.registerIndicatorAndRun(CoreProgressManager.java:626)
	at com.intellij.openapi.progress.impl.CoreProgressManager.executeProcessUnderProgress(CoreProgressManager.java:571)
	at com.intellij.openapi.progress.impl.ProgressManagerImpl.executeProcessUnderProgress(ProgressManagerImpl.java:61)
	at com.intellij.openapi.progress.impl.CoreProgressManager.runProcess(CoreProgressManager.java:152)
	at com.intellij.openapi.progress.util.BackgroundTaskUtil.runUnderDisposeAwareIndicator(BackgroundTaskUtil.java:257)
	at com.intellij.ide.startup.impl.StartupManagerImpl.lambda$projectOpened$1(StartupManagerImpl.java:146)
	at com.intellij.util.RunnableCallable.call(RunnableCallable.java:20)
	at com.intellij.util.RunnableCallable.call(RunnableCallable.java:11)
	at com.intellij.openapi.application.impl.ApplicationImpl$1.call(ApplicationImpl.java:255)
	at java.base/java.util.concurrent.FutureTask.run(FutureTask.java:264)
	at java.base/java.util.concurrent.ThreadPoolExecutor.runWorker(ThreadPoolExecutor.java:1128)
	at java.base/java.util.concurrent.ThreadPoolExecutor$Worker.run(ThreadPoolExecutor.java:628)
	at java.base/java.lang.Thread.run(Thread.java:834)
2020-02-18 21:57:11,364 [  49381]   INFO - .diagnostic.PerformanceWatcher - Post-startup activities under progress took 237ms; general responsiveness: ok; EDT responsiveness: 1/1 sluggish 
2020-02-18 21:57:11,435 [  49452]   INFO - .diagnostic.PerformanceWatcher - Pushing properties took 20ms; general responsiveness: ok; EDT responsiveness: ok 
2020-02-18 21:57:11,564 [  49581]   INFO - tor.impl.FileEditorManagerImpl - Project opening took 1586 ms 
2020-02-18 21:57:11,715 [  49732]   INFO - rationStore.ComponentStoreImpl - Saving appDebuggerSettings took 20 ms 
2020-02-18 21:57:11,817 [  49834]   INFO - rationStore.ComponentStoreImpl - Saving Module: 'svd'NewModuleRootManager took 20 ms 
2020-02-18 21:57:11,943 [  49960]   INFO - rojectCodeStyleSettingsManager - Saving Project code style 
2020-02-18 21:57:11,952 [  49969]   WARN - com.intellij.util.xmlb.Binding - no accessors for class org.jetbrains.kotlin.idea.core.script.configuration.utils.ScriptClassRootsStorage 
2020-02-18 21:57:14,457 [  52474]   INFO - .diagnostic.PerformanceWatcher - Indexable file iteration took 3020ms; general responsiveness: ok; EDT responsiveness: ok 
2020-02-18 21:57:14,490 [  52507]   INFO - indexing.UnindexedFilesUpdater - Unindexed files update started: 41597 files to update 
2020-02-18 21:57:14,764 [  52781]   INFO - indexing.UnindexedFilesUpdater - Unindexed files update canceled 
2020-02-18 21:57:14,792 [  52809]   INFO - pl.ProjectRootManagerComponent - project roots have changed 
2020-02-18 21:57:14,802 [  52819]   INFO - .diagnostic.PerformanceWatcher - Pushing properties took 0ms; general responsiveness: ok; EDT responsiveness: ok 
2020-02-18 21:57:15,617 [  53634]   INFO - .diagnostic.PerformanceWatcher - Indexable file iteration took 814ms; general responsiveness: ok; EDT responsiveness: ok 
2020-02-18 21:57:15,634 [  53651]   INFO - indexing.UnindexedFilesUpdater - Unindexed files update started: 41497 files to update 
2020-02-18 21:57:17,086 [  55103]   INFO - gnostic.MemorySizeConfigurator - Physical memory 31708M, minimum memory size 128M, -Xmx adjusted from 750M to 2048M 
2020-02-18 21:57:18,288 [  56305]   INFO - rojectCodeStyleSettingsManager - Saving Project code style 
2020-02-18 21:57:31,100 [  69117]   INFO - rojectCodeStyleSettingsManager - Saving Project code style 
2020-02-18 21:57:51,952 [  89969]   INFO - .diagnostic.PerformanceWatcher - Unindexed files update took 36318ms; general responsiveness: ok; EDT responsiveness: 1/36 sluggish 
2020-02-18 21:57:54,433 [  92450]   INFO - CompilerWorkspaceConfiguration - Available processors: 8 
2020-02-18 21:58:04,490 [ 102507]   INFO - rojectCodeStyleSettingsManager - Saving Project code style 
2020-02-18 21:58:57,246 [ 155263]   WARN - vdmanager.AvdManagerConnection - No Android SDK Found 
2020-02-18 21:58:57,390 [ 155407]   INFO - rojectCodeStyleSettingsManager - Saving Project code style 
2020-02-18 21:58:57,410 [ 155427]   INFO - rationStore.ComponentStoreImpl - Saving Project (name=svd, containerState=ACTIVE, componentStore=/home/TSu/svd) RunManager took 19 ms 
2020-02-18 21:58:57,516 [ 155533]   INFO - ij.compiler.impl.CompileDriver - COMPILATION STARTED (BUILD PROCESS) 
2020-02-18 21:58:58,024 [ 156041]   INFO - j.compiler.server.BuildManager - BUILDER_PROCESS [stdout]: Build process started. Classpath: /opt/idea/plugins/java/lib/jps-launcher.jar:/opt/java/openjdk/lib/tools.jar 
2020-02-18 21:58:58,045 [ 156062]   INFO - j.compiler.server.BuildManager - BUILDER_PROCESS [stderr]: SLF4J: Failed to load class "org.slf4j.impl.StaticLoggerBinder". 
2020-02-18 21:58:58,046 [ 156063]   INFO - j.compiler.server.BuildManager - BUILDER_PROCESS [stderr]: SLF4J: Defaulting to no-operation (NOP) logger implementation 
2020-02-18 21:58:58,046 [ 156063]   INFO - j.compiler.server.BuildManager - BUILDER_PROCESS [stderr]: SLF4J: See http://www.slf4j.org/codes.html#StaticLoggerBinder for further details. 
2020-02-18 21:59:00,040 [ 158057]   INFO - pl.ProjectRootManagerComponent - project roots have changed 
2020-02-18 21:59:00,052 [ 158069]   INFO - lij.compiler.impl.CompilerUtil - 	COMPILATION FINISHED (BUILD PROCESS); Errors: 1; warnings: 0 took 2503 ms: 0 min 2sec 
2020-02-18 21:59:00,055 [ 158072]   INFO - .diagnostic.PerformanceWatcher - Pushing properties took 2ms; general responsiveness: ok; EDT responsiveness: ok 
2020-02-18 21:59:00,092 [ 158109]   INFO - s.CompilerReferenceServiceBase - backward reference index reader is opened 
2020-02-18 21:59:00,360 [ 158377]   INFO - j.compiler.server.BuildManager - BUILDER_PROCESS [stdout]: Build process started. Classpath: /opt/idea/plugins/java/lib/jps-launcher.jar:/opt/java/openjdk/lib/tools.jar 
2020-02-18 21:59:00,384 [ 158401]   INFO - j.compiler.server.BuildManager - BUILDER_PROCESS [stderr]: SLF4J: Failed to load class "org.slf4j.impl.StaticLoggerBinder". 
2020-02-18 21:59:00,384 [ 158401]   INFO - j.compiler.server.BuildManager - BUILDER_PROCESS [stderr]: SLF4J: Defaulting to no-operation (NOP) logger implementation 
2020-02-18 21:59:00,384 [ 158401]   INFO - j.compiler.server.BuildManager - BUILDER_PROCESS [stderr]: SLF4J: See http://www.slf4j.org/codes.html#StaticLoggerBinder for further details. 
2020-02-18 21:59:00,494 [ 158511]   INFO - .diagnostic.PerformanceWatcher - Indexable file iteration took 438ms; general responsiveness: ok; EDT responsiveness: ok 
2020-02-18 21:59:00,574 [ 158591]   WARN - com.intellij.util.xmlb.Binding - no accessors for class org.jetbrains.kotlin.idea.highlighter.KotlinDefaultHighlightingSettingsProvider 
2020-02-18 21:59:16,279 [ 174296]   INFO - rojectCodeStyleSettingsManager - Saving Project code style 
2020-02-18 21:59:40,412 [ 198429]   INFO - rojectCodeStyleSettingsManager - Saving Project code style 
2020-02-18 22:00:10,878 [ 228895]   INFO - rojectCodeStyleSettingsManager - Saving Project code style 
2020-02-18 22:00:12,002 [ 230019]   WARN - com.intellij.util.xmlb.Binding - no accessors for class org.jetbrains.kotlin.idea.scripting.gradle.GradleScriptInputsWatcher$Storage 
2020-02-18 22:00:12,003 [ 230020]   INFO - rojectCodeStyleSettingsManager - Saving Project code style 
2020-02-18 22:00:13,065 [ 231082]   INFO - rojectCodeStyleSettingsManager - Saving Project code style 
2020-02-18 22:00:13,321 [ 231338]   INFO - rojectCodeStyleSettingsManager - Saving Project code style 
2020-02-18 22:00:15,323 [ 233340]   INFO - rojectCodeStyleSettingsManager - Saving Project code style 
2020-02-18 22:00:15,363 [ 233380]   INFO - ij.compiler.impl.CompileDriver - COMPILATION STARTED (BUILD PROCESS) 
2020-02-18 22:00:15,668 [ 233685]   INFO - j.compiler.server.BuildManager - BUILDER_PROCESS [stdout]: Build process started. Classpath: /opt/idea/plugins/java/lib/jps-launcher.jar:/opt/java/openjdk/lib/tools.jar 
2020-02-18 22:00:15,689 [ 233706]   INFO - j.compiler.server.BuildManager - BUILDER_PROCESS [stderr]: SLF4J: Failed to load class "org.slf4j.impl.StaticLoggerBinder". 
2020-02-18 22:00:15,689 [ 233706]   INFO - j.compiler.server.BuildManager - BUILDER_PROCESS [stderr]: SLF4J: Defaulting to no-operation (NOP) logger implementation 
2020-02-18 22:00:15,689 [ 233706]   INFO - j.compiler.server.BuildManager - BUILDER_PROCESS [stderr]: SLF4J: See http://www.slf4j.org/codes.html#StaticLoggerBinder for further details. 
2020-02-18 22:00:17,601 [ 235618]   INFO - lij.compiler.impl.CompilerUtil - 	COMPILATION FINISHED (BUILD PROCESS); Errors: 0; warnings: 0 took 2248 ms: 0 min 2sec 
2020-02-18 22:00:17,604 [ 235621]   INFO - s.CompilerReferenceServiceBase - backward reference index reader is opened 
2020-02-18 22:00:17,910 [ 235927]   INFO - j.compiler.server.BuildManager - BUILDER_PROCESS [stdout]: Build process started. Classpath: /opt/idea/plugins/java/lib/jps-launcher.jar:/opt/java/openjdk/lib/tools.jar 
2020-02-18 22:00:17,934 [ 235951]   INFO - j.compiler.server.BuildManager - BUILDER_PROCESS [stderr]: SLF4J: Failed to load class "org.slf4j.impl.StaticLoggerBinder". 
2020-02-18 22:00:17,934 [ 235951]   INFO - j.compiler.server.BuildManager - BUILDER_PROCESS [stderr]: SLF4J: Defaulting to no-operation (NOP) logger implementation 
2020-02-18 22:00:17,934 [ 235951]   INFO - j.compiler.server.BuildManager - BUILDER_PROCESS [stderr]: SLF4J: See http://www.slf4j.org/codes.html#StaticLoggerBinder for further details. 
2020-02-18 22:00:57,501 [ 275518]   INFO - rojectCodeStyleSettingsManager - Saving Project code style 
2020-02-18 22:00:57,661 [ 275678]   INFO - rojectCodeStyleSettingsManager - Saving Project code style 
2020-02-18 22:01:01,785 [ 279802]   INFO - rojectCodeStyleSettingsManager - Saving Project code style 
2020-02-18 22:01:01,819 [ 279836]   INFO - ij.compiler.impl.CompileDriver - COMPILATION STARTED (BUILD PROCESS) 
2020-02-18 22:01:01,820 [ 279837]   INFO - j.compiler.server.BuildManager - Using preloaded build process to compile /home/TSu/svd 
2020-02-18 22:01:02,948 [ 280965]   INFO - lij.compiler.impl.CompilerUtil - 	COMPILATION FINISHED (BUILD PROCESS); Errors: 1; warnings: 0 took 1135 ms: 0 min 1sec 
2020-02-18 22:01:02,951 [ 280968]   INFO - s.CompilerReferenceServiceBase - backward reference index reader is opened 
2020-02-18 22:01:03,214 [ 281231]   INFO - j.compiler.server.BuildManager - BUILDER_PROCESS [stdout]: Build process started. Classpath: /opt/idea/plugins/java/lib/jps-launcher.jar:/opt/java/openjdk/lib/tools.jar 
2020-02-18 22:01:03,232 [ 281249]   INFO - j.compiler.server.BuildManager - BUILDER_PROCESS [stderr]: SLF4J: Failed to load class "org.slf4j.impl.StaticLoggerBinder". 
2020-02-18 22:01:03,232 [ 281249]   INFO - j.compiler.server.BuildManager - BUILDER_PROCESS [stderr]: SLF4J: Defaulting to no-operation (NOP) logger implementation 
2020-02-18 22:01:03,232 [ 281249]   INFO - j.compiler.server.BuildManager - BUILDER_PROCESS [stderr]: SLF4J: See http://www.slf4j.org/codes.html#StaticLoggerBinder for further details. 
2020-02-18 22:01:06,915 [ 284932]   INFO - rojectCodeStyleSettingsManager - Saving Project code style 
2020-02-18 22:01:10,140 [ 288157]   INFO - rojectCodeStyleSettingsManager - Saving Project code style 
2020-02-18 22:01:10,171 [ 288188]   INFO - ij.compiler.impl.CompileDriver - COMPILATION STARTED (BUILD PROCESS) 
2020-02-18 22:01:10,173 [ 288190]   INFO - j.compiler.server.BuildManager - Using preloaded build process to compile /home/TSu/svd 
2020-02-18 22:01:11,266 [ 289283]   INFO - lij.compiler.impl.CompilerUtil - 	COMPILATION FINISHED (BUILD PROCESS); Errors: 1; warnings: 0 took 1100 ms: 0 min 1sec 
2020-02-18 22:01:11,269 [ 289286]   INFO - s.CompilerReferenceServiceBase - backward reference index reader is opened 
2020-02-18 22:01:11,526 [ 289543]   INFO - j.compiler.server.BuildManager - BUILDER_PROCESS [stdout]: Build process started. Classpath: /opt/idea/plugins/java/lib/jps-launcher.jar:/opt/java/openjdk/lib/tools.jar 
2020-02-18 22:01:11,544 [ 289561]   INFO - j.compiler.server.BuildManager - BUILDER_PROCESS [stderr]: SLF4J: Failed to load class "org.slf4j.impl.StaticLoggerBinder". 
2020-02-18 22:01:11,544 [ 289561]   INFO - j.compiler.server.BuildManager - BUILDER_PROCESS [stderr]: SLF4J: Defaulting to no-operation (NOP) logger implementation 
2020-02-18 22:01:11,544 [ 289561]   INFO - j.compiler.server.BuildManager - BUILDER_PROCESS [stderr]: SLF4J: See http://www.slf4j.org/codes.html#StaticLoggerBinder for further details. 
2020-02-18 22:01:50,767 [ 328784]   INFO - rojectCodeStyleSettingsManager - Saving Project code style 
2020-02-18 22:02:12,591 [ 350608]   INFO - rojectCodeStyleSettingsManager - Saving Project code style 
2020-02-18 22:02:12,829 [ 350846]   INFO - rojectCodeStyleSettingsManager - Saving Project code style 
2020-02-18 22:02:16,212 [ 354229]   INFO - rojectCodeStyleSettingsManager - Saving Project code style 
2020-02-18 22:02:16,235 [ 354252]   INFO - ij.compiler.impl.CompileDriver - COMPILATION STARTED (BUILD PROCESS) 
2020-02-18 22:02:16,236 [ 354253]   INFO - j.compiler.server.BuildManager - Using preloaded build process to compile /home/TSu/svd 
2020-02-18 22:02:17,355 [ 355372]   INFO - lij.compiler.impl.CompilerUtil - 	COMPILATION FINISHED (BUILD PROCESS); Errors: 1; warnings: 0 took 1123 ms: 0 min 1sec 
2020-02-18 22:02:17,357 [ 355374]   INFO - s.CompilerReferenceServiceBase - backward reference index reader is opened 
2020-02-18 22:02:17,625 [ 355642]   INFO - j.compiler.server.BuildManager - BUILDER_PROCESS [stdout]: Build process started. Classpath: /opt/idea/plugins/java/lib/jps-launcher.jar:/opt/java/openjdk/lib/tools.jar 
2020-02-18 22:02:17,644 [ 355661]   INFO - j.compiler.server.BuildManager - BUILDER_PROCESS [stderr]: SLF4J: Failed to load class "org.slf4j.impl.StaticLoggerBinder". 
2020-02-18 22:02:17,644 [ 355661]   INFO - j.compiler.server.BuildManager - BUILDER_PROCESS [stderr]: SLF4J: Defaulting to no-operation (NOP) logger implementation 
2020-02-18 22:02:17,644 [ 355661]   INFO - j.compiler.server.BuildManager - BUILDER_PROCESS [stderr]: SLF4J: See http://www.slf4j.org/codes.html#StaticLoggerBinder for further details. 
2020-02-18 22:02:20,468 [ 358485]   INFO - rojectCodeStyleSettingsManager - Saving Project code style 
2020-02-18 22:02:23,680 [ 361697]   INFO - rojectCodeStyleSettingsManager - Saving Project code style 
2020-02-18 22:02:23,702 [ 361719]   INFO - ij.compiler.impl.CompileDriver - COMPILATION STARTED (BUILD PROCESS) 
2020-02-18 22:02:23,703 [ 361720]   INFO - j.compiler.server.BuildManager - Using preloaded build process to compile /home/TSu/svd 
2020-02-18 22:02:24,946 [ 362963]   INFO - lij.compiler.impl.CompilerUtil - 	COMPILATION FINISHED (BUILD PROCESS); Errors: 1; warnings: 0 took 1249 ms: 0 min 1sec 
2020-02-18 22:02:24,949 [ 362966]   INFO - s.CompilerReferenceServiceBase - backward reference index reader is opened 
2020-02-18 22:02:25,201 [ 363218]   INFO - j.compiler.server.BuildManager - BUILDER_PROCESS [stdout]: Build process started. Classpath: /opt/idea/plugins/java/lib/jps-launcher.jar:/opt/java/openjdk/lib/tools.jar 
2020-02-18 22:02:25,220 [ 363237]   INFO - j.compiler.server.BuildManager - BUILDER_PROCESS [stderr]: SLF4J: Failed to load class "org.slf4j.impl.StaticLoggerBinder". 
2020-02-18 22:02:25,220 [ 363237]   INFO - j.compiler.server.BuildManager - BUILDER_PROCESS [stderr]: SLF4J: Defaulting to no-operation (NOP) logger implementation 
2020-02-18 22:02:25,220 [ 363237]   INFO - j.compiler.server.BuildManager - BUILDER_PROCESS [stderr]: SLF4J: See http://www.slf4j.org/codes.html#StaticLoggerBinder for further details. 
2020-02-18 22:02:25,301 [ 363318]   WARN - r.PlatformComponentManagerImpl - Do not use constructor injection (requestorClass=com.android.tools.idea.lang.androidSql.room.RoomDependencyChecker) 
2020-02-18 22:02:33,383 [ 371400]   INFO - rojectCodeStyleSettingsManager - Saving Project code style 
2020-02-18 22:02:33,407 [ 371424]   INFO - ij.compiler.impl.CompileDriver - COMPILATION STARTED (BUILD PROCESS) 
2020-02-18 22:02:33,408 [ 371425]   INFO - j.compiler.server.BuildManager - Using preloaded build process to compile /home/TSu/svd 
2020-02-18 22:02:34,673 [ 372690]   INFO - lij.compiler.impl.CompilerUtil - 	COMPILATION FINISHED (BUILD PROCESS); Errors: 1; warnings: 0 took 1271 ms: 0 min 1sec 
2020-02-18 22:02:34,676 [ 372693]   INFO - s.CompilerReferenceServiceBase - backward reference index reader is opened 
2020-02-18 22:02:34,952 [ 372969]   INFO - j.compiler.server.BuildManager - BUILDER_PROCESS [stdout]: Build process started. Classpath: /opt/idea/plugins/java/lib/jps-launcher.jar:/opt/java/openjdk/lib/tools.jar 
2020-02-18 22:02:34,970 [ 372987]   INFO - j.compiler.server.BuildManager - BUILDER_PROCESS [stderr]: SLF4J: Failed to load class "org.slf4j.impl.StaticLoggerBinder". 
2020-02-18 22:02:34,970 [ 372987]   INFO - j.compiler.server.BuildManager - BUILDER_PROCESS [stderr]: SLF4J: Defaulting to no-operation (NOP) logger implementation 
2020-02-18 22:02:34,970 [ 372987]   INFO - j.compiler.server.BuildManager - BUILDER_PROCESS [stderr]: SLF4J: See http://www.slf4j.org/codes.html#StaticLoggerBinder for further details. 
2020-02-18 22:02:45,054 [ 383071]   INFO - rojectCodeStyleSettingsManager - Saving Project code style 
2020-02-18 22:02:45,081 [ 383098]   INFO - ij.compiler.impl.CompileDriver - COMPILATION STARTED (BUILD PROCESS) 
2020-02-18 22:02:45,084 [ 383101]   INFO - j.compiler.server.BuildManager - Using preloaded build process to compile /home/TSu/svd 
2020-02-18 22:02:46,367 [ 384384]   INFO - lij.compiler.impl.CompilerUtil - 	COMPILATION FINISHED (BUILD PROCESS); Errors: 1; warnings: 0 took 1289 ms: 0 min 1sec 
2020-02-18 22:02:46,370 [ 384387]   INFO - s.CompilerReferenceServiceBase - backward reference index reader is opened 
2020-02-18 22:02:46,635 [ 384652]   INFO - j.compiler.server.BuildManager - BUILDER_PROCESS [stdout]: Build process started. Classpath: /opt/idea/plugins/java/lib/jps-launcher.jar:/opt/java/openjdk/lib/tools.jar 
2020-02-18 22:02:46,655 [ 384672]   INFO - j.compiler.server.BuildManager - BUILDER_PROCESS [stderr]: SLF4J: Failed to load class "org.slf4j.impl.StaticLoggerBinder". 
2020-02-18 22:02:46,655 [ 384672]   INFO - j.compiler.server.BuildManager - BUILDER_PROCESS [stderr]: SLF4J: Defaulting to no-operation (NOP) logger implementation 
2020-02-18 22:02:46,655 [ 384672]   INFO - j.compiler.server.BuildManager - BUILDER_PROCESS [stderr]: SLF4J: See http://www.slf4j.org/codes.html#StaticLoggerBinder for further details. 
2020-02-18 22:02:56,635 [ 394652]   INFO - .diagnostic.PerformanceWatcher - Find Usages took 227ms; general responsiveness: ok; EDT responsiveness: ok 
2020-02-18 22:03:04,366 [ 402383]   INFO - rojectCodeStyleSettingsManager - Saving Project code style 
2020-02-18 22:05:11,455 [ 529472]   INFO - rojectCodeStyleSettingsManager - Saving Project code style 
2020-02-18 22:05:11,481 [ 529498]   INFO - ij.compiler.impl.CompileDriver - COMPILATION STARTED (BUILD PROCESS) 
2020-02-18 22:05:11,481 [ 529498]   INFO - j.compiler.server.BuildManager - Using preloaded build process to compile /home/TSu/svd 
2020-02-18 22:05:12,771 [ 530788]   INFO - lij.compiler.impl.CompilerUtil - 	COMPILATION FINISHED (BUILD PROCESS); Errors: 1; warnings: 0 took 1294 ms: 0 min 1sec 
2020-02-18 22:05:12,774 [ 530791]   INFO - s.CompilerReferenceServiceBase - backward reference index reader is opened 
2020-02-18 22:05:13,044 [ 531061]   INFO - j.compiler.server.BuildManager - BUILDER_PROCESS [stdout]: Build process started. Classpath: /opt/idea/plugins/java/lib/jps-launcher.jar:/opt/java/openjdk/lib/tools.jar 
2020-02-18 22:05:13,062 [ 531079]   INFO - j.compiler.server.BuildManager - BUILDER_PROCESS [stderr]: SLF4J: Failed to load class "org.slf4j.impl.StaticLoggerBinder". 
2020-02-18 22:05:13,062 [ 531079]   INFO - j.compiler.server.BuildManager - BUILDER_PROCESS [stderr]: SLF4J: Defaulting to no-operation (NOP) logger implementation 
2020-02-18 22:05:13,062 [ 531079]   INFO - j.compiler.server.BuildManager - BUILDER_PROCESS [stderr]: SLF4J: See http://www.slf4j.org/codes.html#StaticLoggerBinder for further details. 
2020-02-18 22:06:02,187 [ 580204]   INFO - rojectCodeStyleSettingsManager - Saving Project code style 
2020-02-18 22:06:02,210 [ 580227]   INFO - ij.compiler.impl.CompileDriver - COMPILATION STARTED (BUILD PROCESS) 
2020-02-18 22:06:02,211 [ 580228]   INFO - j.compiler.server.BuildManager - Using preloaded build process to compile /home/TSu/svd 
2020-02-18 22:06:03,505 [ 581522]   INFO - lij.compiler.impl.CompilerUtil - 	COMPILATION FINISHED (BUILD PROCESS); Errors: 1; warnings: 0 took 1299 ms: 0 min 1sec 
2020-02-18 22:06:03,508 [ 581525]   INFO - s.CompilerReferenceServiceBase - backward reference index reader is opened 
2020-02-18 22:06:03,768 [ 581785]   INFO - j.compiler.server.BuildManager - BUILDER_PROCESS [stdout]: Build process started. Classpath: /opt/idea/plugins/java/lib/jps-launcher.jar:/opt/java/openjdk/lib/tools.jar 
2020-02-18 22:06:03,786 [ 581803]   INFO - j.compiler.server.BuildManager - BUILDER_PROCESS [stderr]: SLF4J: Failed to load class "org.slf4j.impl.StaticLoggerBinder". 
2020-02-18 22:06:03,786 [ 581803]   INFO - j.compiler.server.BuildManager - BUILDER_PROCESS [stderr]: SLF4J: Defaulting to no-operation (NOP) logger implementation 
2020-02-18 22:06:03,786 [ 581803]   INFO - j.compiler.server.BuildManager - BUILDER_PROCESS [stderr]: SLF4J: See http://www.slf4j.org/codes.html#StaticLoggerBinder for further details. 
2020-02-18 22:06:08,767 [ 586784]   INFO - rojectCodeStyleSettingsManager - Saving Project code style 
2020-02-18 22:06:08,786 [ 586803]   INFO - ij.compiler.impl.CompileDriver - COMPILATION STARTED (BUILD PROCESS) 
2020-02-18 22:06:08,787 [ 586804]   INFO - j.compiler.server.BuildManager - Using preloaded build process to compile /home/TSu/svd 
2020-02-18 22:06:10,032 [ 588049]   INFO - lij.compiler.impl.CompilerUtil - 	COMPILATION FINISHED (BUILD PROCESS); Errors: 1; warnings: 0 took 1251 ms: 0 min 1sec 
2020-02-18 22:06:10,035 [ 588052]   INFO - s.CompilerReferenceServiceBase - backward reference index reader is opened 
2020-02-18 22:06:10,303 [ 588320]   INFO - j.compiler.server.BuildManager - BUILDER_PROCESS [stdout]: Build process started. Classpath: /opt/idea/plugins/java/lib/jps-launcher.jar:/opt/java/openjdk/lib/tools.jar 
2020-02-18 22:06:10,321 [ 588338]   INFO - j.compiler.server.BuildManager - BUILDER_PROCESS [stderr]: SLF4J: Failed to load class "org.slf4j.impl.StaticLoggerBinder". 
2020-02-18 22:06:10,321 [ 588338]   INFO - j.compiler.server.BuildManager - BUILDER_PROCESS [stderr]: SLF4J: Defaulting to no-operation (NOP) logger implementation 
2020-02-18 22:06:10,321 [ 588338]   INFO - j.compiler.server.BuildManager - BUILDER_PROCESS [stderr]: SLF4J: See http://www.slf4j.org/codes.html#StaticLoggerBinder for further details. 
2020-02-18 22:06:22,227 [ 600244]   INFO - rojectCodeStyleSettingsManager - Saving Project code style 
2020-02-18 22:06:22,447 [ 600464]   INFO - rojectCodeStyleSettingsManager - Saving Project code style 
2020-02-18 22:06:24,174 [ 602191]   INFO - rojectCodeStyleSettingsManager - Saving Project code style 
2020-02-18 22:06:24,195 [ 602212]   INFO - ij.compiler.impl.CompileDriver - COMPILATION STARTED (BUILD PROCESS) 
2020-02-18 22:06:24,197 [ 602214]   INFO - j.compiler.server.BuildManager - Using preloaded build process to compile /home/TSu/svd 
2020-02-18 22:06:25,506 [ 603523]   INFO - lij.compiler.impl.CompilerUtil - 	COMPILATION FINISHED (BUILD PROCESS); Errors: 0; warnings: 0 took 1315 ms: 0 min 1sec 
2020-02-18 22:06:25,509 [ 603526]   INFO - s.CompilerReferenceServiceBase - backward reference index reader is opened 
2020-02-18 22:06:25,769 [ 603786]   INFO - j.compiler.server.BuildManager - BUILDER_PROCESS [stdout]: Build process started. Classpath: /opt/idea/plugins/java/lib/jps-launcher.jar:/opt/java/openjdk/lib/tools.jar 
2020-02-18 22:06:25,789 [ 603806]   INFO - j.compiler.server.BuildManager - BUILDER_PROCESS [stderr]: SLF4J: Failed to load class "org.slf4j.impl.StaticLoggerBinder". 
2020-02-18 22:06:25,789 [ 603806]   INFO - j.compiler.server.BuildManager - BUILDER_PROCESS [stderr]: SLF4J: Defaulting to no-operation (NOP) logger implementation 
2020-02-18 22:06:25,789 [ 603806]   INFO - j.compiler.server.BuildManager - BUILDER_PROCESS [stderr]: SLF4J: See http://www.slf4j.org/codes.html#StaticLoggerBinder for further details. 
2020-02-18 22:06:49,150 [ 627167]   INFO - rojectCodeStyleSettingsManager - Saving Project code style 
2020-02-18 22:06:49,180 [ 627197]   INFO - ij.compiler.impl.CompileDriver - COMPILATION STARTED (BUILD PROCESS) 
2020-02-18 22:06:49,182 [ 627199]   INFO - j.compiler.server.BuildManager - Using preloaded build process to compile /home/TSu/svd 
2020-02-18 22:06:50,490 [ 628507]   INFO - lij.compiler.impl.CompilerUtil - 	COMPILATION FINISHED (BUILD PROCESS); Errors: 1; warnings: 0 took 1315 ms: 0 min 1sec 
2020-02-18 22:06:50,494 [ 628511]   INFO - s.CompilerReferenceServiceBase - backward reference index reader is opened 
2020-02-18 22:06:50,747 [ 628764]   INFO - j.compiler.server.BuildManager - BUILDER_PROCESS [stdout]: Build process started. Classpath: /opt/idea/plugins/java/lib/jps-launcher.jar:/opt/java/openjdk/lib/tools.jar 
2020-02-18 22:06:50,765 [ 628782]   INFO - j.compiler.server.BuildManager - BUILDER_PROCESS [stderr]: SLF4J: Failed to load class "org.slf4j.impl.StaticLoggerBinder". 
2020-02-18 22:06:50,765 [ 628782]   INFO - j.compiler.server.BuildManager - BUILDER_PROCESS [stderr]: SLF4J: Defaulting to no-operation (NOP) logger implementation 
2020-02-18 22:06:50,765 [ 628782]   INFO - j.compiler.server.BuildManager - BUILDER_PROCESS [stderr]: SLF4J: See http://www.slf4j.org/codes.html#StaticLoggerBinder for further details. 
2020-02-18 22:06:53,066 [ 631083]   INFO - rojectCodeStyleSettingsManager - Saving Project code style 
2020-02-18 22:09:30,663 [ 788680]   INFO - rojectCodeStyleSettingsManager - Saving Project code style 
2020-02-18 22:09:30,886 [ 788903]   INFO - rojectCodeStyleSettingsManager - Saving Project code style 
2020-02-18 22:09:31,025 [ 789042]   INFO - rojectCodeStyleSettingsManager - Saving Project code style 
2020-02-18 22:09:48,429 [ 806446]   INFO - rojectCodeStyleSettingsManager - Saving Project code style 
2020-02-18 22:09:48,452 [ 806469]   INFO - ij.compiler.impl.CompileDriver - COMPILATION STARTED (BUILD PROCESS) 
2020-02-18 22:09:48,453 [ 806470]   INFO - j.compiler.server.BuildManager - Using preloaded build process to compile /home/TSu/svd 
2020-02-18 22:09:49,559 [ 807576]   INFO - lij.compiler.impl.CompilerUtil - 	COMPILATION FINISHED (BUILD PROCESS); Errors: 2; warnings: 0 took 1112 ms: 0 min 1sec 
2020-02-18 22:09:49,561 [ 807578]   INFO - s.CompilerReferenceServiceBase - backward reference index reader is opened 
2020-02-18 22:09:49,822 [ 807839]   INFO - j.compiler.server.BuildManager - BUILDER_PROCESS [stdout]: Build process started. Classpath: /opt/idea/plugins/java/lib/jps-launcher.jar:/opt/java/openjdk/lib/tools.jar 
2020-02-18 22:09:49,839 [ 807856]   INFO - j.compiler.server.BuildManager - BUILDER_PROCESS [stderr]: SLF4J: Failed to load class "org.slf4j.impl.StaticLoggerBinder". 
2020-02-18 22:09:49,839 [ 807856]   INFO - j.compiler.server.BuildManager - BUILDER_PROCESS [stderr]: SLF4J: Defaulting to no-operation (NOP) logger implementation 
2020-02-18 22:09:49,839 [ 807856]   INFO - j.compiler.server.BuildManager - BUILDER_PROCESS [stderr]: SLF4J: See http://www.slf4j.org/codes.html#StaticLoggerBinder for further details. 
2020-02-18 22:09:59,308 [ 817325]   INFO - rojectCodeStyleSettingsManager - Saving Project code style 
2020-02-18 22:09:59,684 [ 817701]   INFO - rojectCodeStyleSettingsManager - Saving Project code style 
2020-02-18 22:10:03,328 [ 821345]   INFO - rojectCodeStyleSettingsManager - Saving Project code style 
2020-02-18 22:10:03,527 [ 821544]   INFO - rojectCodeStyleSettingsManager - Saving Project code style 
2020-02-18 22:10:03,713 [ 821730]   INFO - rojectCodeStyleSettingsManager - Saving Project code style 
2020-02-18 22:10:34,361 [ 852378]   INFO - rojectCodeStyleSettingsManager - Saving Project code style 
2020-02-18 22:10:34,548 [ 852565]   INFO - rojectCodeStyleSettingsManager - Saving Project code style 
2020-02-18 22:10:38,274 [ 856291]   INFO - rojectCodeStyleSettingsManager - Saving Project code style 
2020-02-18 22:10:38,308 [ 856325]   INFO - ij.compiler.impl.CompileDriver - COMPILATION STARTED (BUILD PROCESS) 
2020-02-18 22:10:38,308 [ 856325]   INFO - j.compiler.server.BuildManager - Using preloaded build process to compile /home/TSu/svd 
2020-02-18 22:10:39,412 [ 857429]   INFO - lij.compiler.impl.CompilerUtil - 	COMPILATION FINISHED (BUILD PROCESS); Errors: 2; warnings: 0 took 1108 ms: 0 min 1sec 
2020-02-18 22:10:39,414 [ 857431]   INFO - s.CompilerReferenceServiceBase - backward reference index reader is opened 
2020-02-18 22:10:39,672 [ 857689]   INFO - j.compiler.server.BuildManager - BUILDER_PROCESS [stdout]: Build process started. Classpath: /opt/idea/plugins/java/lib/jps-launcher.jar:/opt/java/openjdk/lib/tools.jar 
2020-02-18 22:10:39,693 [ 857710]   INFO - j.compiler.server.BuildManager - BUILDER_PROCESS [stderr]: SLF4J: Failed to load class "org.slf4j.impl.StaticLoggerBinder". 
2020-02-18 22:10:39,693 [ 857710]   INFO - j.compiler.server.BuildManager - BUILDER_PROCESS [stderr]: SLF4J: Defaulting to no-operation (NOP) logger implementation 
2020-02-18 22:10:39,693 [ 857710]   INFO - j.compiler.server.BuildManager - BUILDER_PROCESS [stderr]: SLF4J: See http://www.slf4j.org/codes.html#StaticLoggerBinder for further details. 
2020-02-18 22:11:05,223 [ 883240]   INFO - rojectCodeStyleSettingsManager - Saving Project code style 
2020-02-18 22:11:05,376 [ 883393]   INFO - rojectCodeStyleSettingsManager - Saving Project code style 
2020-02-18 22:11:05,554 [ 883571]   INFO - rojectCodeStyleSettingsManager - Saving Project code style 
2020-02-18 22:11:08,735 [ 886752]   INFO - rojectCodeStyleSettingsManager - Saving Project code style 
2020-02-18 22:11:08,755 [ 886772]   INFO - ij.compiler.impl.CompileDriver - COMPILATION STARTED (BUILD PROCESS) 
2020-02-18 22:11:08,756 [ 886773]   INFO - j.compiler.server.BuildManager - Using preloaded build process to compile /home/TSu/svd 
2020-02-18 22:11:10,057 [ 888074]   INFO - lij.compiler.impl.CompilerUtil - 	COMPILATION FINISHED (BUILD PROCESS); Errors: 0; warnings: 0 took 1305 ms: 0 min 1sec 
2020-02-18 22:11:10,060 [ 888077]   INFO - s.CompilerReferenceServiceBase - backward reference index reader is opened 
2020-02-18 22:11:10,338 [ 888355]   INFO - j.compiler.server.BuildManager - BUILDER_PROCESS [stdout]: Build process started. Classpath: /opt/idea/plugins/java/lib/jps-launcher.jar:/opt/java/openjdk/lib/tools.jar 
2020-02-18 22:11:10,356 [ 888373]   INFO - j.compiler.server.BuildManager - BUILDER_PROCESS [stderr]: SLF4J: Failed to load class "org.slf4j.impl.StaticLoggerBinder". 
2020-02-18 22:11:10,356 [ 888373]   INFO - j.compiler.server.BuildManager - BUILDER_PROCESS [stderr]: SLF4J: Defaulting to no-operation (NOP) logger implementation 
2020-02-18 22:11:10,356 [ 888373]   INFO - j.compiler.server.BuildManager - BUILDER_PROCESS [stderr]: SLF4J: See http://www.slf4j.org/codes.html#StaticLoggerBinder for further details. 
2020-02-18 22:11:14,672 [ 892689]   INFO - rojectCodeStyleSettingsManager - Saving Project code style 
2020-02-18 22:11:14,702 [ 892719]   INFO - ij.compiler.impl.CompileDriver - COMPILATION STARTED (BUILD PROCESS) 
2020-02-18 22:11:14,703 [ 892720]   INFO - j.compiler.server.BuildManager - Using preloaded build process to compile /home/TSu/svd 
2020-02-18 22:11:14,771 [ 892788]   INFO - lij.compiler.impl.CompilerUtil - 	COMPILATION FINISHED (BUILD PROCESS); Errors: 0; warnings: 0 took 72 ms: 0 min 0sec 
2020-02-18 22:11:14,782 [ 892799]   INFO - s.CompilerReferenceServiceBase - backward reference index reader is opened 
2020-02-18 22:11:15,081 [ 893098]   INFO - j.compiler.server.BuildManager - BUILDER_PROCESS [stdout]: Build process started. Classpath: /opt/idea/plugins/java/lib/jps-launcher.jar:/opt/java/openjdk/lib/tools.jar 
2020-02-18 22:11:15,103 [ 893120]   INFO - j.compiler.server.BuildManager - BUILDER_PROCESS [stderr]: SLF4J: Failed to load class "org.slf4j.impl.StaticLoggerBinder". 
2020-02-18 22:11:15,103 [ 893120]   INFO - j.compiler.server.BuildManager - BUILDER_PROCESS [stderr]: SLF4J: Defaulting to no-operation (NOP) logger implementation 
2020-02-18 22:11:15,103 [ 893120]   INFO - j.compiler.server.BuildManager - BUILDER_PROCESS [stderr]: SLF4J: See http://www.slf4j.org/codes.html#StaticLoggerBinder for further details. 
2020-02-18 22:11:34,074 [ 912091]   INFO - rojectCodeStyleSettingsManager - Saving Project code style 
2020-02-18 22:11:34,230 [ 912247]   INFO - rojectCodeStyleSettingsManager - Saving Project code style 
2020-02-18 22:11:39,318 [ 917335]   INFO - rojectCodeStyleSettingsManager - Saving Project code style 
2020-02-18 22:11:39,359 [ 917376]   INFO - rationStore.ComponentStoreImpl - Saving appDiffSettings took 15 ms 
2020-02-18 22:11:39,365 [ 917382]   INFO - ij.compiler.impl.CompileDriver - COMPILATION STARTED (BUILD PROCESS) 
2020-02-18 22:11:39,366 [ 917383]   INFO - j.compiler.server.BuildManager - Using preloaded build process to compile /home/TSu/svd 
2020-02-18 22:11:40,631 [ 918648]   INFO - lij.compiler.impl.CompilerUtil - 	COMPILATION FINISHED (BUILD PROCESS); Errors: 1; warnings: 0 took 1269 ms: 0 min 1sec 
2020-02-18 22:11:40,634 [ 918651]   INFO - s.CompilerReferenceServiceBase - backward reference index reader is opened 
2020-02-18 22:11:40,879 [ 918896]   INFO - j.compiler.server.BuildManager - BUILDER_PROCESS [stdout]: Build process started. Classpath: /opt/idea/plugins/java/lib/jps-launcher.jar:/opt/java/openjdk/lib/tools.jar 
2020-02-18 22:11:40,897 [ 918914]   INFO - j.compiler.server.BuildManager - BUILDER_PROCESS [stderr]: SLF4J: Failed to load class "org.slf4j.impl.StaticLoggerBinder". 
2020-02-18 22:11:40,897 [ 918914]   INFO - j.compiler.server.BuildManager - BUILDER_PROCESS [stderr]: SLF4J: Defaulting to no-operation (NOP) logger implementation 
2020-02-18 22:11:40,897 [ 918914]   INFO - j.compiler.server.BuildManager - BUILDER_PROCESS [stderr]: SLF4J: See http://www.slf4j.org/codes.html#StaticLoggerBinder for further details. 
2020-02-18 22:12:10,484 [ 948501]   INFO -                         STDERR - WARN: Can't set writable attribute of '/home/TSu/svd/src/externals/Jama.jar' to 'false' 
2020-02-18 22:12:17,818 [ 955835]   INFO - rojectCodeStyleSettingsManager - Saving Project code style 
2020-02-18 22:12:39,961 [ 977978]   INFO - rojectCodeStyleSettingsManager - Saving Project code style 
2020-02-18 22:12:42,773 [ 980790]   INFO - rojectCodeStyleSettingsManager - Saving Project code style 
2020-02-18 22:12:42,793 [ 980810]   INFO - ij.compiler.impl.CompileDriver - COMPILATION STARTED (BUILD PROCESS) 
2020-02-18 22:12:42,794 [ 980811]   INFO - j.compiler.server.BuildManager - Using preloaded build process to compile /home/TSu/svd 
2020-02-18 22:12:44,034 [ 982051]   INFO - lij.compiler.impl.CompilerUtil - 	COMPILATION FINISHED (BUILD PROCESS); Errors: 1; warnings: 0 took 1245 ms: 0 min 1sec 
2020-02-18 22:12:44,037 [ 982054]   INFO - s.CompilerReferenceServiceBase - backward reference index reader is opened 
2020-02-18 22:12:44,292 [ 982309]   INFO - j.compiler.server.BuildManager - BUILDER_PROCESS [stdout]: Build process started. Classpath: /opt/idea/plugins/java/lib/jps-launcher.jar:/opt/java/openjdk/lib/tools.jar 
2020-02-18 22:12:44,313 [ 982330]   INFO - j.compiler.server.BuildManager - BUILDER_PROCESS [stderr]: SLF4J: Failed to load class "org.slf4j.impl.StaticLoggerBinder". 
2020-02-18 22:12:44,313 [ 982330]   INFO - j.compiler.server.BuildManager - BUILDER_PROCESS [stderr]: SLF4J: Defaulting to no-operation (NOP) logger implementation 
2020-02-18 22:12:44,313 [ 982330]   INFO - j.compiler.server.BuildManager - BUILDER_PROCESS [stderr]: SLF4J: See http://www.slf4j.org/codes.html#StaticLoggerBinder for further details. 
2020-02-18 22:12:55,617 [ 993634]   INFO - rojectCodeStyleSettingsManager - Saving Project code style 
2020-02-18 22:13:20,139 [1018156]   INFO - rojectCodeStyleSettingsManager - Saving Project code style 
2020-02-18 22:13:22,900 [1020917]   INFO - rojectCodeStyleSettingsManager - Saving Project code style 
2020-02-18 22:13:22,920 [1020937]   INFO - ij.compiler.impl.CompileDriver - COMPILATION STARTED (BUILD PROCESS) 
2020-02-18 22:13:22,922 [1020939]   INFO - j.compiler.server.BuildManager - Using preloaded build process to compile /home/TSu/svd 
2020-02-18 22:13:24,173 [1022190]   INFO - lij.compiler.impl.CompilerUtil - 	COMPILATION FINISHED (BUILD PROCESS); Errors: 1; warnings: 0 took 1259 ms: 0 min 1sec 
2020-02-18 22:13:24,176 [1022193]   INFO - s.CompilerReferenceServiceBase - backward reference index reader is opened 
2020-02-18 22:13:24,423 [1022440]   INFO - j.compiler.server.BuildManager - BUILDER_PROCESS [stdout]: Build process started. Classpath: /opt/idea/plugins/java/lib/jps-launcher.jar:/opt/java/openjdk/lib/tools.jar 
2020-02-18 22:13:24,441 [1022458]   INFO - j.compiler.server.BuildManager - BUILDER_PROCESS [stderr]: SLF4J: Failed to load class "org.slf4j.impl.StaticLoggerBinder". 
2020-02-18 22:13:24,441 [1022458]   INFO - j.compiler.server.BuildManager - BUILDER_PROCESS [stderr]: SLF4J: Defaulting to no-operation (NOP) logger implementation 
2020-02-18 22:13:24,441 [1022458]   INFO - j.compiler.server.BuildManager - BUILDER_PROCESS [stderr]: SLF4J: See http://www.slf4j.org/codes.html#StaticLoggerBinder for further details. 
2020-02-18 22:13:43,955 [1041972]   INFO - rojectCodeStyleSettingsManager - Saving Project code style 
2020-02-18 22:17:18,832 [1256849]   INFO - rojectCodeStyleSettingsManager - Saving Project code style 
2020-02-18 22:17:18,984 [1257001]   INFO - org.jetbrains.io.BuiltInServer - web server stopped 
2020-02-18 22:17:19,043 [1257060]   INFO - pl.local.NativeFileWatcherImpl - Watcher terminated with exit code 0 
2020-02-18 22:17:19,378 [1257395]   INFO - Types.impl.FileTypeManagerImpl - 31 auto-detected files. Detection took 44 ms 
2020-02-18 22:17:19,379 [1257396]   INFO - il.indexing.FileBasedIndexImpl - START INDEX SHUTDOWN 
2020-02-18 22:17:19,408 [1257425]   INFO - tellij.psi.stubs.StubIndexImpl - StubIndexExtension-s were unloaded 
2020-02-18 22:17:19,414 [1257431]   INFO - il.indexing.FileBasedIndexImpl - END INDEX SHUTDOWN 
2020-02-18 22:17:19,414 [1257431]   INFO - newvfs.persistent.PersistentFS - VFS dispose started 
2020-02-18 22:17:19,416 [1257433]   INFO - newvfs.persistent.PersistentFS - VFS dispose completed 
2020-02-18 22:17:19,417 [1257434]   INFO - stubs.SerializationManagerImpl - START StubSerializationManager SHUTDOWN 
2020-02-18 22:17:19,417 [1257434]   INFO - stubs.SerializationManagerImpl - END StubSerializationManager SHUTDOWN 
2020-02-18 22:17:19,420 [1257437]   INFO -        #com.intellij.idea.Main - ------------------------------------------------------ IDE SHUTDOWN ------------------------------------------------------ 
2020-02-18 22:17:19,422 [1257439]   INFO - org.jetbrains.io.BuiltInServer - web server stopped 
